Building DAG of jobs...
Using shell: /usr/bin/bash
Provided cores: 25
Rules claiming more threads will be scaled down.
Job counts:
	count	jobs
	1	calculate_rscu_ratios
	1

[Sat Jun 18 21:53:51 2022]
rule calculate_rscu_ratios:
    input: data/rscu_tables/all_rscu.csv, data/rscu_tables/all_rscu_total.csv
    output: data/rscu_ratios/all_rscu_ratio_human.csv, data/rscu_ratios/all_rscu_ratio_total_human.csv, data/rscu_ratios/all_rscu_ratio_mosquito.csv, data/rscu_ratios/all_rscu_ratio_total_mosquito.csv
    jobid: 0
    threads: 20

Write-protecting output file data/rscu_ratios/all_rscu_ratio_human.csv.
Write-protecting output file data/rscu_ratios/all_rscu_ratio_total_human.csv.
Write-protecting output file data/rscu_ratios/all_rscu_ratio_mosquito.csv.
Write-protecting output file data/rscu_ratios/all_rscu_ratio_total_mosquito.csv.
[Sat Jun 18 21:56:55 2022]
Finished job 0.
1 of 1 steps (100%) done
Complete log: /n/projects/rm2498/virus-host-regulation/Experiments/3-DownloadAllViruses/.snakemake/log/2022-06-18T215100.930539.snakemake.log
